Base path: C:/Program Files/Unity/Editor/Data
Cmd: initializeCompiler
Cmd: compileComputeKernel
  api=4 insize=13402 outsize=67197 ok=1
Cmd: compileComputeKernel
  api=4 insize=13402 outsize=51265 ok=1
Cmd: compileComputeKernel
  api=4 insize=19973 outsize=13877 ok=1
Cmd: compileComputeKernel
  api=4 insize=9421 outsize=8717 ok=1
Cmd: compileComputeKernel
  api=4 insize=1836 outsize=645 ok=1
Cmd: compileComputeKernel
  api=4 insize=16785 outsize=13957 ok=1
Cmd: compileComputeKernel
  api=4 insize=15322 outsize=6481 ok=1
Cmd: compileComputeKernel
  api=4 insize=15322 outsize=8973 ok=1
Cmd: compileComputeKernel
  api=4 insize=15322 outsize=7549 ok=1
Cmd: compileComputeKernel
  api=4 insize=15322 outsize=8749 ok=1
Cmd: compileComputeKernel
  api=4 insize=15322 outsize=9765 ok=1
Cmd: compileComputeKernel
  api=4 insize=6056 outsize=14137 ok=1
Cmd: initializeCompiler
Cmd: initializeCompiler
Cmd: initializeCompiler
Cmd: initializeCompiler
Cmd: initializeCompiler
Cmd: initializeCompiler
Cmd: initializeCompiler
Cmd: initializeCompiler
Cmd: initializeCompiler
Cmd: initializeCompiler
Cmd: initializeCompiler
Cmd: initializeCompiler
Cmd: initializeCompiler
Cmd: initializeCompiler
Cmd: initializeCompiler
Cmd: initializeCompiler
Cmd: initializeCompiler
Cmd: initializeCompiler

Quitting shader compiler process
